2025-09-12 16:28:45 [scrapy.utils.log] INFO: Scrapy 2.13.3 started (bot: daraz)
2025-09-12 16:28:45 [scrapy.utils.log] INFO: Versions:
{'lxml': '6.0.1',
 'libxml2': '2.11.9',
 'cssselect': '1.3.0',
 'parsel': '1.10.0',
 'w3lib': '2.3.1',
 'Twisted': '25.5.0',
 'Python': '3.12.6 (tags/v3.12.6:a4a2d2b, Sep  6 2024, 20:11:23) [MSC v.1940 '
           '64 bit (AMD64)]',
 'pyOpenSSL': '25.1.0 (OpenSSL 3.5.2 5 Aug 2025)',
 'cryptography': '45.0.7',
 'Platform': 'Windows-10-10.0.19045-SP0'}
2025-09-12 16:28:45 [scrapy.addons] INFO: Enabled addons:
[]
2025-09-12 16:28:45 [scrapy.extensions.telnet] INFO: Telnet Password: 72eaa3df34737687
2025-09-12 16:28:45 [scrapy.middleware] INFO: Enabled extensions:
['scrapy.extensions.corestats.CoreStats',
 'scrapy.extensions.telnet.TelnetConsole',
 'scrapy.extensions.feedexport.FeedExporter',
 'scrapy.extensions.logstats.LogStats']
2025-09-12 16:28:45 [scrapy.crawler] INFO: Overridden settings:
{'BOT_NAME': 'daraz',
 'CONCURRENT_REQUESTS_PER_DOMAIN': 1,
 'DOWNLOAD_DELAY': 1,
 'FEED_EXPORT_ENCODING': 'utf-8',
 'LOG_FILE': 'spider.log',
 'LOG_LEVEL': 'INFO',
 'NEWSPIDER_MODULE': 'daraz.spiders',
 'ROBOTSTXT_OBEY': True,
 'SPIDER_MODULES': ['daraz.spiders']}
2025-09-12 16:28:45 [scrapy-playwright] INFO: Started loop on separate thread: <ProactorEventLoop running=True closed=False debug=False>
2025-09-12 16:28:45 [scrapy.middleware] INFO: Enabled downloader middlewares:
['scrapy.downloadermiddlewares.offsite.OffsiteMiddleware',
 'scrapy.downloadermiddlewares.robotstxt.RobotsTxtMiddleware',
 'scrapy.downloadermiddlewares.httpauth.HttpAuthMiddleware',
 'scrapy.downloadermiddlewares.downloadtimeout.DownloadTimeoutMiddleware',
 'scrapy.downloadermiddlewares.defaultheaders.DefaultHeadersMiddleware',
 'scrapy.downloadermiddlewares.useragent.UserAgentMiddleware',
 'scrapy.downloadermiddlewares.retry.RetryMiddleware',
 'scrapy.downloadermiddlewares.redirect.MetaRefreshMiddleware',
 'scrapy.downloadermiddlewares.httpcompression.HttpCompressionMiddleware',
 'scrapy.downloadermiddlewares.redirect.RedirectMiddleware',
 'scrapy.downloadermiddlewares.cookies.CookiesMiddleware',
 'scrapy.downloadermiddlewares.httpproxy.HttpProxyMiddleware',
 'scrapy.downloadermiddlewares.stats.DownloaderStats']
2025-09-12 16:28:45 [scrapy.middleware] INFO: Enabled spider middlewares:
['scrapy.spidermiddlewares.start.StartSpiderMiddleware',
 'scrapy.spidermiddlewares.httperror.HttpErrorMiddleware',
 'scrapy.spidermiddlewares.referer.RefererMiddleware',
 'scrapy.spidermiddlewares.urllength.UrlLengthMiddleware',
 'scrapy.spidermiddlewares.depth.DepthMiddleware']
2025-09-12 16:28:45 [scrapy.middleware] INFO: Enabled item pipelines:
[]
2025-09-12 16:28:45 [scrapy.core.engine] INFO: Spider opened
2025-09-12 16:28:45 [py.warnings] WARNING: D:\ecommerce-analytics\python-scrape\env\Lib\site-packages\scrapy\core\spidermw.py:433: ScrapyDeprecationWarning: daraz.spiders.products.ProductsSpider defines the deprecated start_requests() method. start_requests() has been deprecated in favor of a new method, start(), to support asynchronous code execution. start_requests() will stop being called in a future version of Scrapy. If you use Scrapy 2.13 or higher only, replace start_requests() with start(); note that start() is a coroutine (async def). If you need to maintain compatibility with lower Scrapy versions, when overriding start_requests() in a spider class, override start() as well; you can use super() to reuse the inherited start() implementation without copy-pasting. See the release notes of Scrapy 2.13 for details: https://docs.scrapy.org/en/2.13/news.html
  warn(

2025-09-12 16:28:45 [scrapy.extensions.logstats] INFO: Crawled 0 pages (at 0 pages/min), scraped 0 items (at 0 items/min)
2025-09-12 16:28:45 [scrapy.extensions.telnet] INFO: Telnet console listening on 127.0.0.1:6023
2025-09-12 16:28:45 [scrapy-playwright] INFO: Starting download handler
2025-09-12 16:28:45 [scrapy-playwright] INFO: Starting download handler
2025-09-12 16:28:48 [scrapy-playwright] INFO: Launching browser chromium
2025-09-12 16:28:48 [scrapy-playwright] INFO: Browser chromium launched
2025-09-12 16:29:19 [scrapy-playwright] WARNING: Closing page due to failed request: <GET https://www.daraz.pk/i134181352-s1294544414.html> exc_type=<class 'playwright._impl._errors.TimeoutError'> exc_msg=Page.goto: Timeout 30000ms exceeded.
Call log:
  - navigating to "https://www.daraz.pk/i134181352-s1294544414.html", waiting until "load"
Traceback (most recent call last):
  File "D:\ecommerce-analytics\python-scrape\env\Lib\site-packages\scrapy_playwright\handler.py", line 433, in _download_request_with_retry
    return await self._download_request_with_page(request, page, spider)
           ^^^^^^^^^^^^^^^^^^^^^^^^^^^^^^^^^^^^^^^^^^^^^^^^^^^^^^^^^^^^^
  File "D:\ecommerce-analytics\python-scrape\env\Lib\site-packages\scrapy_playwright\handler.py", line 462, in _download_request_with_page
    response, download = await self._get_response_and_download(request, page, spider)
                         ^^^^^^^^^^^^^^^^^^^^^^^^^^^^^^^^^^^^^^^^^^^^^^^^^^^^^^^^^^^^
  File "D:\ecommerce-analytics\python-scrape\env\Lib\site-packages\scrapy_playwright\handler.py", line 564, in _get_response_and_download
    response = await page.goto(url=request.url, **page_goto_kwargs)
               ^^^^^^^^^^^^^^^^^^^^^^^^^^^^^^^^^^^^^^^^^^^^^^^^^^^^
  File "D:\ecommerce-analytics\python-scrape\env\Lib\site-packages\playwright\async_api\_generated.py", line 8992, in goto
    await self._impl_obj.goto(
  File "D:\ecommerce-analytics\python-scrape\env\Lib\site-packages\playwright\_impl\_page.py", line 556, in goto
    return await self._main_frame.goto(**locals_to_params(locals()))
           ^^^^^^^^^^^^^^^^^^^^^^^^^^^^^^^^^^^^^^^^^^^^^^^^^^^^^^^^^
  File "D:\ecommerce-analytics\python-scrape\env\Lib\site-packages\playwright\_impl\_frame.py", line 153, in goto
    await self._channel.send(
  File "D:\ecommerce-analytics\python-scrape\env\Lib\site-packages\playwright\_impl\_connection.py", line 69, in send
    return await self._connection.wrap_api_call(
           ^^^^^^^^^^^^^^^^^^^^^^^^^^^^^^^^^^^^^
  File "D:\ecommerce-analytics\python-scrape\env\Lib\site-packages\playwright\_impl\_connection.py", line 558, in wrap_api_call
    raise rewrite_error(error, f"{parsed_st['apiName']}: {error}") from None
playwright._impl._errors.TimeoutError: Page.goto: Timeout 30000ms exceeded.
Call log:
  - navigating to "https://www.daraz.pk/i134181352-s1294544414.html", waiting until "load"

2025-09-12 16:29:19 [scrapy.core.scraper] ERROR: Error downloading <GET https://www.daraz.pk/i134181352-s1294544414.html>
Traceback (most recent call last):
  File "D:\ecommerce-analytics\python-scrape\env\Lib\site-packages\twisted\internet\defer.py", line 1853, in _inlineCallbacks
    result = context.run(
             ^^^^^^^^^^^^
  File "D:\ecommerce-analytics\python-scrape\env\Lib\site-packages\twisted\python\failure.py", line 467, in throwExceptionIntoGenerator
    return g.throw(self.value.with_traceback(self.tb))
           ^^^^^^^^^^^^^^^^^^^^^^^^^^^^^^^^^^^^^^^^^^^
  File "D:\ecommerce-analytics\python-scrape\env\Lib\site-packages\scrapy\core\downloader\middleware.py", line 68, in process_request
    return (yield download_func(request, spider))
            ^^^^^^^^^^^^^^^^^^^^^^^^^^^^^^^^^^^^
  File "D:\ecommerce-analytics\python-scrape\env\Lib\site-packages\scrapy_playwright\_utils.py", line 123, in _handle_coro
    result = await coro
             ^^^^^^^^^^
  File "D:\ecommerce-analytics\python-scrape\env\Lib\site-packages\scrapy_playwright\handler.py", line 380, in _download_request
    return await self._download_request_with_retry(request=request, spider=spider)
           ^^^^^^^^^^^^^^^^^^^^^^^^^^^^^^^^^^^^^^^^^^^^^^^^^^^^^^^^^^^^^^^^^^^^^^^
  File "D:\ecommerce-analytics\python-scrape\env\Lib\site-packages\scrapy_playwright\handler.py", line 433, in _download_request_with_retry
    return await self._download_request_with_page(request, page, spider)
           ^^^^^^^^^^^^^^^^^^^^^^^^^^^^^^^^^^^^^^^^^^^^^^^^^^^^^^^^^^^^^
  File "D:\ecommerce-analytics\python-scrape\env\Lib\site-packages\scrapy_playwright\handler.py", line 462, in _download_request_with_page
    response, download = await self._get_response_and_download(request, page, spider)
                         ^^^^^^^^^^^^^^^^^^^^^^^^^^^^^^^^^^^^^^^^^^^^^^^^^^^^^^^^^^^^
  File "D:\ecommerce-analytics\python-scrape\env\Lib\site-packages\scrapy_playwright\handler.py", line 564, in _get_response_and_download
    response = await page.goto(url=request.url, **page_goto_kwargs)
               ^^^^^^^^^^^^^^^^^^^^^^^^^^^^^^^^^^^^^^^^^^^^^^^^^^^^
  File "D:\ecommerce-analytics\python-scrape\env\Lib\site-packages\playwright\async_api\_generated.py", line 8992, in goto
    await self._impl_obj.goto(
  File "D:\ecommerce-analytics\python-scrape\env\Lib\site-packages\playwright\_impl\_page.py", line 556, in goto
    return await self._main_frame.goto(**locals_to_params(locals()))
           ^^^^^^^^^^^^^^^^^^^^^^^^^^^^^^^^^^^^^^^^^^^^^^^^^^^^^^^^^
  File "D:\ecommerce-analytics\python-scrape\env\Lib\site-packages\playwright\_impl\_frame.py", line 153, in goto
    await self._channel.send(
  File "D:\ecommerce-analytics\python-scrape\env\Lib\site-packages\playwright\_impl\_connection.py", line 69, in send
    return await self._connection.wrap_api_call(
           ^^^^^^^^^^^^^^^^^^^^^^^^^^^^^^^^^^^^^
  File "D:\ecommerce-analytics\python-scrape\env\Lib\site-packages\playwright\_impl\_connection.py", line 558, in wrap_api_call
    raise rewrite_error(error, f"{parsed_st['apiName']}: {error}") from None
playwright._impl._errors.TimeoutError: Page.goto: Timeout 30000ms exceeded.
Call log:
  - navigating to "https://www.daraz.pk/i134181352-s1294544414.html", waiting until "load"

2025-09-12 16:29:45 [scrapy.extensions.logstats] INFO: Crawled 3 pages (at 3 pages/min), scraped 2 items (at 2 items/min)
2025-09-12 16:29:49 [scrapy.spidermiddlewares.httperror] INFO: Ignoring response <404 https://www.daraz.pk/i134869708-s1295172171.html>: HTTP status code is not handled or not allowed
2025-09-12 16:30:45 [scrapy.extensions.logstats] INFO: Crawled 8 pages (at 5 pages/min), scraped 6 items (at 4 items/min)
2025-09-12 16:30:55 [scrapy.core.engine] INFO: Closing spider (finished)
2025-09-12 16:30:55 [scrapy.extensions.feedexport] INFO: Stored json feed (8 items) in: data/prod10-w-selenium.json
2025-09-12 16:30:55 [scrapy.statscollectors] INFO: Dumping Scrapy stats:
{'downloader/exception_count': 1,
 'downloader/exception_type_count/playwright._impl._errors.TimeoutError': 1,
 'downloader/request_bytes': 2623,
 'downloader/request_count': 11,
 'downloader/request_method_count/GET': 11,
 'downloader/response_bytes': 5046515,
 'downloader/response_count': 10,
 'downloader/response_status_count/200': 9,
 'downloader/response_status_count/404': 1,
 'elapsed_time_seconds': 129.523998,
 'feedexport/success_count/FileFeedStorage': 1,
 'finish_reason': 'finished',
 'finish_time': datetime.datetime(2025, 9, 12, 11, 30, 55, 466548, tzinfo=datetime.timezone.utc),
 'httpcompression/response_bytes': 567,
 'httpcompression/response_count': 1,
 'httperror/response_ignored_count': 1,
 'httperror/response_ignored_status_count/404': 1,
 'item_scraped_count': 8,
 'items_per_minute': 3.7209302325581395,
 'log_count/ERROR': 1,
 'log_count/INFO': 19,
 'log_count/WARNING': 2,
 'playwright/browser_count': 1,
 'playwright/context_count': 1,
 'playwright/context_count/max_concurrent': 1,
 'playwright/context_count/persistent/False': 1,
 'playwright/context_count/remote/False': 1,
 'playwright/page_count': 10,
 'playwright/page_count/closed': 10,
 'playwright/page_count/max_concurrent': 1,
 'playwright/request_count': 1591,
 'playwright/request_count/method/GET': 1417,
 'playwright/request_count/method/POST': 174,
 'playwright/request_count/navigation': 47,
 'playwright/request_count/resource_type/document': 47,
 'playwright/request_count/resource_type/fetch': 29,
 'playwright/request_count/resource_type/font': 61,
 'playwright/request_count/resource_type/image': 582,
 'playwright/request_count/resource_type/ping': 130,
 'playwright/request_count/resource_type/script': 584,
 'playwright/request_count/resource_type/stylesheet': 76,
 'playwright/request_count/resource_type/xhr': 82,
 'playwright/response_count': 1524,
 'playwright/response_count/method/GET': 1382,
 'playwright/response_count/method/POST': 142,
 'playwright/response_count/resource_type/document': 45,
 'playwright/response_count/resource_type/fetch': 29,
 'playwright/response_count/resource_type/font': 59,
 'playwright/response_count/resource_type/image': 580,
 'playwright/response_count/resource_type/ping': 98,
 'playwright/response_count/resource_type/script': 558,
 'playwright/response_count/resource_type/stylesheet': 73,
 'playwright/response_count/resource_type/xhr': 82,
 'response_received_count': 10,
 'responses_per_minute': 4.651162790697675,
 'robotstxt/request_count': 1,
 'robotstxt/response_count': 1,
 'robotstxt/response_status_count/200': 1,
 'scheduler/dequeued': 10,
 'scheduler/dequeued/memory': 10,
 'scheduler/enqueued': 10,
 'scheduler/enqueued/memory': 10,
 'start_time': datetime.datetime(2025, 9, 12, 11, 28, 45, 942550, tzinfo=datetime.timezone.utc)}
2025-09-12 16:30:55 [scrapy.core.engine] INFO: Spider closed (finished)
2025-09-12 16:30:55 [scrapy-playwright] INFO: Closing download handler
2025-09-12 16:30:55 [scrapy-playwright] INFO: Closing download handler
2025-09-12 16:30:55 [scrapy-playwright] INFO: Closing browser
2025-09-12 16:34:58 [scrapy.utils.log] INFO: Scrapy 2.13.3 started (bot: daraz)
2025-09-12 16:34:58 [scrapy.utils.log] INFO: Versions:
{'lxml': '6.0.1',
 'libxml2': '2.11.9',
 'cssselect': '1.3.0',
 'parsel': '1.10.0',
 'w3lib': '2.3.1',
 'Twisted': '25.5.0',
 'Python': '3.12.6 (tags/v3.12.6:a4a2d2b, Sep  6 2024, 20:11:23) [MSC v.1940 '
           '64 bit (AMD64)]',
 'pyOpenSSL': '25.1.0 (OpenSSL 3.5.2 5 Aug 2025)',
 'cryptography': '45.0.7',
 'Platform': 'Windows-10-10.0.19045-SP0'}
2025-09-12 16:34:58 [scrapy.addons] INFO: Enabled addons:
[]
2025-09-12 16:34:58 [scrapy.extensions.telnet] INFO: Telnet Password: 69c82789027140ae
2025-09-12 16:34:58 [scrapy.middleware] INFO: Enabled extensions:
['scrapy.extensions.corestats.CoreStats',
 'scrapy.extensions.telnet.TelnetConsole',
 'scrapy.extensions.feedexport.FeedExporter',
 'scrapy.extensions.logstats.LogStats']
2025-09-12 16:34:58 [scrapy.crawler] INFO: Overridden settings:
{'BOT_NAME': 'daraz',
 'CONCURRENT_REQUESTS_PER_DOMAIN': 1,
 'DOWNLOAD_DELAY': 1,
 'FEED_EXPORT_ENCODING': 'utf-8',
 'LOG_FILE': 'spider.log',
 'LOG_LEVEL': 'INFO',
 'NEWSPIDER_MODULE': 'daraz.spiders',
 'ROBOTSTXT_OBEY': True,
 'SPIDER_MODULES': ['daraz.spiders']}
2025-09-12 16:34:58 [scrapy-playwright] INFO: Started loop on separate thread: <ProactorEventLoop running=True closed=False debug=False>
2025-09-12 16:34:59 [scrapy.middleware] INFO: Enabled downloader middlewares:
['scrapy.downloadermiddlewares.offsite.OffsiteMiddleware',
 'scrapy.downloadermiddlewares.robotstxt.RobotsTxtMiddleware',
 'scrapy.downloadermiddlewares.httpauth.HttpAuthMiddleware',
 'scrapy.downloadermiddlewares.downloadtimeout.DownloadTimeoutMiddleware',
 'scrapy.downloadermiddlewares.defaultheaders.DefaultHeadersMiddleware',
 'scrapy.downloadermiddlewares.useragent.UserAgentMiddleware',
 'scrapy.downloadermiddlewares.retry.RetryMiddleware',
 'scrapy.downloadermiddlewares.redirect.MetaRefreshMiddleware',
 'scrapy.downloadermiddlewares.httpcompression.HttpCompressionMiddleware',
 'scrapy.downloadermiddlewares.redirect.RedirectMiddleware',
 'scrapy.downloadermiddlewares.cookies.CookiesMiddleware',
 'scrapy.downloadermiddlewares.httpproxy.HttpProxyMiddleware',
 'scrapy.downloadermiddlewares.stats.DownloaderStats']
2025-09-12 16:34:59 [scrapy.middleware] INFO: Enabled spider middlewares:
['scrapy.spidermiddlewares.start.StartSpiderMiddleware',
 'scrapy.spidermiddlewares.httperror.HttpErrorMiddleware',
 'scrapy.spidermiddlewares.referer.RefererMiddleware',
 'scrapy.spidermiddlewares.urllength.UrlLengthMiddleware',
 'scrapy.spidermiddlewares.depth.DepthMiddleware']
2025-09-12 16:34:59 [scrapy.middleware] INFO: Enabled item pipelines:
[]
2025-09-12 16:34:59 [scrapy.core.engine] INFO: Spider opened
2025-09-12 16:34:59 [py.warnings] WARNING: D:\ecommerce-analytics\python-scrape\env\Lib\site-packages\scrapy\core\spidermw.py:433: ScrapyDeprecationWarning: daraz.spiders.products.ProductsSpider defines the deprecated start_requests() method. start_requests() has been deprecated in favor of a new method, start(), to support asynchronous code execution. start_requests() will stop being called in a future version of Scrapy. If you use Scrapy 2.13 or higher only, replace start_requests() with start(); note that start() is a coroutine (async def). If you need to maintain compatibility with lower Scrapy versions, when overriding start_requests() in a spider class, override start() as well; you can use super() to reuse the inherited start() implementation without copy-pasting. See the release notes of Scrapy 2.13 for details: https://docs.scrapy.org/en/2.13/news.html
  warn(

2025-09-12 16:34:59 [scrapy.extensions.logstats] INFO: Crawled 0 pages (at 0 pages/min), scraped 0 items (at 0 items/min)
2025-09-12 16:34:59 [scrapy.extensions.telnet] INFO: Telnet console listening on 127.0.0.1:6023
2025-09-12 16:34:59 [scrapy-playwright] INFO: Starting download handler
2025-09-12 16:34:59 [scrapy-playwright] INFO: Starting download handler
2025-09-12 16:35:01 [scrapy-playwright] INFO: Launching browser chromium
2025-09-12 16:35:01 [scrapy-playwright] INFO: Browser chromium launched
2025-09-12 16:35:51 [scrapy-playwright] WARNING: Closing page due to failed request: <GET https://www.daraz.pk/i134181352-s1294544414.html> exc_type=<class 'playwright._impl._errors.TimeoutError'> exc_msg=Page.goto: Timeout 50000ms exceeded.
Call log:
  - navigating to "https://www.daraz.pk/i134181352-s1294544414.html", waiting until "load"
Traceback (most recent call last):
  File "D:\ecommerce-analytics\python-scrape\env\Lib\site-packages\scrapy_playwright\handler.py", line 433, in _download_request_with_retry
    return await self._download_request_with_page(request, page, spider)
           ^^^^^^^^^^^^^^^^^^^^^^^^^^^^^^^^^^^^^^^^^^^^^^^^^^^^^^^^^^^^^
  File "D:\ecommerce-analytics\python-scrape\env\Lib\site-packages\scrapy_playwright\handler.py", line 462, in _download_request_with_page
    response, download = await self._get_response_and_download(request, page, spider)
                         ^^^^^^^^^^^^^^^^^^^^^^^^^^^^^^^^^^^^^^^^^^^^^^^^^^^^^^^^^^^^
  File "D:\ecommerce-analytics\python-scrape\env\Lib\site-packages\scrapy_playwright\handler.py", line 564, in _get_response_and_download
    response = await page.goto(url=request.url, **page_goto_kwargs)
               ^^^^^^^^^^^^^^^^^^^^^^^^^^^^^^^^^^^^^^^^^^^^^^^^^^^^
  File "D:\ecommerce-analytics\python-scrape\env\Lib\site-packages\playwright\async_api\_generated.py", line 8992, in goto
    await self._impl_obj.goto(
  File "D:\ecommerce-analytics\python-scrape\env\Lib\site-packages\playwright\_impl\_page.py", line 556, in goto
    return await self._main_frame.goto(**locals_to_params(locals()))
           ^^^^^^^^^^^^^^^^^^^^^^^^^^^^^^^^^^^^^^^^^^^^^^^^^^^^^^^^^
  File "D:\ecommerce-analytics\python-scrape\env\Lib\site-packages\playwright\_impl\_frame.py", line 153, in goto
    await self._channel.send(
  File "D:\ecommerce-analytics\python-scrape\env\Lib\site-packages\playwright\_impl\_connection.py", line 69, in send
    return await self._connection.wrap_api_call(
           ^^^^^^^^^^^^^^^^^^^^^^^^^^^^^^^^^^^^^
  File "D:\ecommerce-analytics\python-scrape\env\Lib\site-packages\playwright\_impl\_connection.py", line 558, in wrap_api_call
    raise rewrite_error(error, f"{parsed_st['apiName']}: {error}") from None
playwright._impl._errors.TimeoutError: Page.goto: Timeout 50000ms exceeded.
Call log:
  - navigating to "https://www.daraz.pk/i134181352-s1294544414.html", waiting until "load"

2025-09-12 16:35:51 [scrapy.core.scraper] ERROR: Error downloading <GET https://www.daraz.pk/i134181352-s1294544414.html>
Traceback (most recent call last):
  File "D:\ecommerce-analytics\python-scrape\env\Lib\site-packages\twisted\internet\defer.py", line 1853, in _inlineCallbacks
    result = context.run(
             ^^^^^^^^^^^^
  File "D:\ecommerce-analytics\python-scrape\env\Lib\site-packages\twisted\python\failure.py", line 467, in throwExceptionIntoGenerator
    return g.throw(self.value.with_traceback(self.tb))
           ^^^^^^^^^^^^^^^^^^^^^^^^^^^^^^^^^^^^^^^^^^^
  File "D:\ecommerce-analytics\python-scrape\env\Lib\site-packages\scrapy\core\downloader\middleware.py", line 68, in process_request
    return (yield download_func(request, spider))
            ^^^^^^^^^^^^^^^^^^^^^^^^^^^^^^^^^^^^
  File "D:\ecommerce-analytics\python-scrape\env\Lib\site-packages\scrapy_playwright\_utils.py", line 123, in _handle_coro
    result = await coro
             ^^^^^^^^^^
  File "D:\ecommerce-analytics\python-scrape\env\Lib\site-packages\scrapy_playwright\handler.py", line 380, in _download_request
    return await self._download_request_with_retry(request=request, spider=spider)
           ^^^^^^^^^^^^^^^^^^^^^^^^^^^^^^^^^^^^^^^^^^^^^^^^^^^^^^^^^^^^^^^^^^^^^^^
  File "D:\ecommerce-analytics\python-scrape\env\Lib\site-packages\scrapy_playwright\handler.py", line 433, in _download_request_with_retry
    return await self._download_request_with_page(request, page, spider)
           ^^^^^^^^^^^^^^^^^^^^^^^^^^^^^^^^^^^^^^^^^^^^^^^^^^^^^^^^^^^^^
  File "D:\ecommerce-analytics\python-scrape\env\Lib\site-packages\scrapy_playwright\handler.py", line 462, in _download_request_with_page
    response, download = await self._get_response_and_download(request, page, spider)
                         ^^^^^^^^^^^^^^^^^^^^^^^^^^^^^^^^^^^^^^^^^^^^^^^^^^^^^^^^^^^^
  File "D:\ecommerce-analytics\python-scrape\env\Lib\site-packages\scrapy_playwright\handler.py", line 564, in _get_response_and_download
    response = await page.goto(url=request.url, **page_goto_kwargs)
               ^^^^^^^^^^^^^^^^^^^^^^^^^^^^^^^^^^^^^^^^^^^^^^^^^^^^
  File "D:\ecommerce-analytics\python-scrape\env\Lib\site-packages\playwright\async_api\_generated.py", line 8992, in goto
    await self._impl_obj.goto(
  File "D:\ecommerce-analytics\python-scrape\env\Lib\site-packages\playwright\_impl\_page.py", line 556, in goto
    return await self._main_frame.goto(**locals_to_params(locals()))
           ^^^^^^^^^^^^^^^^^^^^^^^^^^^^^^^^^^^^^^^^^^^^^^^^^^^^^^^^^
  File "D:\ecommerce-analytics\python-scrape\env\Lib\site-packages\playwright\_impl\_frame.py", line 153, in goto
    await self._channel.send(
  File "D:\ecommerce-analytics\python-scrape\env\Lib\site-packages\playwright\_impl\_connection.py", line 69, in send
    return await self._connection.wrap_api_call(
           ^^^^^^^^^^^^^^^^^^^^^^^^^^^^^^^^^^^^^
  File "D:\ecommerce-analytics\python-scrape\env\Lib\site-packages\playwright\_impl\_connection.py", line 558, in wrap_api_call
    raise rewrite_error(error, f"{parsed_st['apiName']}: {error}") from None
playwright._impl._errors.TimeoutError: Page.goto: Timeout 50000ms exceeded.
Call log:
  - navigating to "https://www.daraz.pk/i134181352-s1294544414.html", waiting until "load"

2025-09-12 16:35:59 [scrapy.extensions.logstats] INFO: Crawled 1 pages (at 1 pages/min), scraped 0 items (at 0 items/min)
2025-09-12 16:36:59 [scrapy.extensions.logstats] INFO: Crawled 3 pages (at 2 pages/min), scraped 2 items (at 2 items/min)
2025-09-12 16:37:14 [scrapy-playwright] WARNING: Closing page due to failed request: <GET https://www.daraz.pk/i134869708-s1295172171.html> exc_type=<class 'playwright._impl._errors.TimeoutError'> exc_msg=Page.goto: Timeout 50000ms exceeded.
Call log:
  - navigating to "https://www.daraz.pk/i134869708-s1295172171.html", waiting until "load"
Traceback (most recent call last):
  File "D:\ecommerce-analytics\python-scrape\env\Lib\site-packages\scrapy_playwright\handler.py", line 433, in _download_request_with_retry
    return await self._download_request_with_page(request, page, spider)
           ^^^^^^^^^^^^^^^^^^^^^^^^^^^^^^^^^^^^^^^^^^^^^^^^^^^^^^^^^^^^^
  File "D:\ecommerce-analytics\python-scrape\env\Lib\site-packages\scrapy_playwright\handler.py", line 462, in _download_request_with_page
    response, download = await self._get_response_and_download(request, page, spider)
                         ^^^^^^^^^^^^^^^^^^^^^^^^^^^^^^^^^^^^^^^^^^^^^^^^^^^^^^^^^^^^
  File "D:\ecommerce-analytics\python-scrape\env\Lib\site-packages\scrapy_playwright\handler.py", line 564, in _get_response_and_download
    response = await page.goto(url=request.url, **page_goto_kwargs)
               ^^^^^^^^^^^^^^^^^^^^^^^^^^^^^^^^^^^^^^^^^^^^^^^^^^^^
  File "D:\ecommerce-analytics\python-scrape\env\Lib\site-packages\playwright\async_api\_generated.py", line 8992, in goto
    await self._impl_obj.goto(
  File "D:\ecommerce-analytics\python-scrape\env\Lib\site-packages\playwright\_impl\_page.py", line 556, in goto
    return await self._main_frame.goto(**locals_to_params(locals()))
           ^^^^^^^^^^^^^^^^^^^^^^^^^^^^^^^^^^^^^^^^^^^^^^^^^^^^^^^^^
  File "D:\ecommerce-analytics\python-scrape\env\Lib\site-packages\playwright\_impl\_frame.py", line 153, in goto
    await self._channel.send(
  File "D:\ecommerce-analytics\python-scrape\env\Lib\site-packages\playwright\_impl\_connection.py", line 69, in send
    return await self._connection.wrap_api_call(
           ^^^^^^^^^^^^^^^^^^^^^^^^^^^^^^^^^^^^^
  File "D:\ecommerce-analytics\python-scrape\env\Lib\site-packages\playwright\_impl\_connection.py", line 558, in wrap_api_call
    raise rewrite_error(error, f"{parsed_st['apiName']}: {error}") from None
playwright._impl._errors.TimeoutError: Page.goto: Timeout 50000ms exceeded.
Call log:
  - navigating to "https://www.daraz.pk/i134869708-s1295172171.html", waiting until "load"

2025-09-12 16:37:14 [scrapy.core.scraper] ERROR: Error downloading <GET https://www.daraz.pk/i134869708-s1295172171.html>
Traceback (most recent call last):
  File "D:\ecommerce-analytics\python-scrape\env\Lib\site-packages\twisted\internet\defer.py", line 1853, in _inlineCallbacks
    result = context.run(
             ^^^^^^^^^^^^
  File "D:\ecommerce-analytics\python-scrape\env\Lib\site-packages\twisted\python\failure.py", line 467, in throwExceptionIntoGenerator
    return g.throw(self.value.with_traceback(self.tb))
           ^^^^^^^^^^^^^^^^^^^^^^^^^^^^^^^^^^^^^^^^^^^
  File "D:\ecommerce-analytics\python-scrape\env\Lib\site-packages\scrapy\core\downloader\middleware.py", line 68, in process_request
    return (yield download_func(request, spider))
            ^^^^^^^^^^^^^^^^^^^^^^^^^^^^^^^^^^^^
  File "D:\ecommerce-analytics\python-scrape\env\Lib\site-packages\scrapy_playwright\_utils.py", line 123, in _handle_coro
    result = await coro
             ^^^^^^^^^^
  File "D:\ecommerce-analytics\python-scrape\env\Lib\site-packages\scrapy_playwright\handler.py", line 380, in _download_request
    return await self._download_request_with_retry(request=request, spider=spider)
           ^^^^^^^^^^^^^^^^^^^^^^^^^^^^^^^^^^^^^^^^^^^^^^^^^^^^^^^^^^^^^^^^^^^^^^^
  File "D:\ecommerce-analytics\python-scrape\env\Lib\site-packages\scrapy_playwright\handler.py", line 433, in _download_request_with_retry
    return await self._download_request_with_page(request, page, spider)
           ^^^^^^^^^^^^^^^^^^^^^^^^^^^^^^^^^^^^^^^^^^^^^^^^^^^^^^^^^^^^^
  File "D:\ecommerce-analytics\python-scrape\env\Lib\site-packages\scrapy_playwright\handler.py", line 462, in _download_request_with_page
    response, download = await self._get_response_and_download(request, page, spider)
                         ^^^^^^^^^^^^^^^^^^^^^^^^^^^^^^^^^^^^^^^^^^^^^^^^^^^^^^^^^^^^
  File "D:\ecommerce-analytics\python-scrape\env\Lib\site-packages\scrapy_playwright\handler.py", line 564, in _get_response_and_download
    response = await page.goto(url=request.url, **page_goto_kwargs)
               ^^^^^^^^^^^^^^^^^^^^^^^^^^^^^^^^^^^^^^^^^^^^^^^^^^^^
  File "D:\ecommerce-analytics\python-scrape\env\Lib\site-packages\playwright\async_api\_generated.py", line 8992, in goto
    await self._impl_obj.goto(
  File "D:\ecommerce-analytics\python-scrape\env\Lib\site-packages\playwright\_impl\_page.py", line 556, in goto
    return await self._main_frame.goto(**locals_to_params(locals()))
           ^^^^^^^^^^^^^^^^^^^^^^^^^^^^^^^^^^^^^^^^^^^^^^^^^^^^^^^^^
  File "D:\ecommerce-analytics\python-scrape\env\Lib\site-packages\playwright\_impl\_frame.py", line 153, in goto
    await self._channel.send(
  File "D:\ecommerce-analytics\python-scrape\env\Lib\site-packages\playwright\_impl\_connection.py", line 69, in send
    return await self._connection.wrap_api_call(
           ^^^^^^^^^^^^^^^^^^^^^^^^^^^^^^^^^^^^^
  File "D:\ecommerce-analytics\python-scrape\env\Lib\site-packages\playwright\_impl\_connection.py", line 558, in wrap_api_call
    raise rewrite_error(error, f"{parsed_st['apiName']}: {error}") from None
playwright._impl._errors.TimeoutError: Page.goto: Timeout 50000ms exceeded.
Call log:
  - navigating to "https://www.daraz.pk/i134869708-s1295172171.html", waiting until "load"

2025-09-12 16:37:59 [scrapy.extensions.logstats] INFO: Crawled 5 pages (at 2 pages/min), scraped 4 items (at 2 items/min)
2025-09-12 16:38:59 [scrapy.extensions.logstats] INFO: Crawled 9 pages (at 4 pages/min), scraped 8 items (at 4 items/min)
2025-09-12 16:39:59 [scrapy.extensions.logstats] INFO: Crawled 12 pages (at 3 pages/min), scraped 11 items (at 3 items/min)
2025-09-12 16:40:22 [scrapy.core.engine] INFO: Closing spider (finished)
2025-09-12 16:40:22 [scrapy.extensions.feedexport] INFO: Stored json feed (13 items) in: data/prod15-w-selenium.json
2025-09-12 16:40:22 [scrapy.statscollectors] INFO: Dumping Scrapy stats:
{'downloader/exception_count': 2,
 'downloader/exception_type_count/playwright._impl._errors.TimeoutError': 2,
 'downloader/request_bytes': 3823,
 'downloader/request_count': 16,
 'downloader/request_method_count/GET': 16,
 'downloader/response_bytes': 7602353,
 'downloader/response_count': 14,
 'downloader/response_status_count/200': 14,
 'elapsed_time_seconds': 322.935321,
 'feedexport/success_count/FileFeedStorage': 1,
 'finish_reason': 'finished',
 'finish_time': datetime.datetime(2025, 9, 12, 11, 40, 22, 44105, tzinfo=datetime.timezone.utc),
 'httpcompression/response_bytes': 567,
 'httpcompression/response_count': 1,
 'item_scraped_count': 13,
 'items_per_minute': 2.4223602484472053,
 'log_count/ERROR': 2,
 'log_count/INFO': 21,
 'log_count/WARNING': 3,
 'playwright/browser_count': 1,
 'playwright/context_count': 1,
 'playwright/context_count/max_concurrent': 1,
 'playwright/context_count/persistent/False': 1,
 'playwright/context_count/remote/False': 1,
 'playwright/page_count': 15,
 'playwright/page_count/closed': 15,
 'playwright/page_count/max_concurrent': 1,
 'playwright/request_count': 2509,
 'playwright/request_count/method/GET': 2227,
 'playwright/request_count/method/POST': 282,
 'playwright/request_count/navigation': 75,
 'playwright/request_count/resource_type/document': 75,
 'playwright/request_count/resource_type/fetch': 79,
 'playwright/request_count/resource_type/font': 91,
 'playwright/request_count/resource_type/image': 942,
 'playwright/request_count/resource_type/ping': 183,
 'playwright/request_count/resource_type/script': 893,
 'playwright/request_count/resource_type/stylesheet': 115,
 'playwright/request_count/resource_type/xhr': 131,
 'playwright/response_count': 2370,
 'playwright/response_count/method/GET': 2141,
 'playwright/response_count/method/POST': 229,
 'playwright/response_count/resource_type/document': 61,
 'playwright/response_count/resource_type/fetch': 78,
 'playwright/response_count/resource_type/font': 91,
 'playwright/response_count/resource_type/image': 935,
 'playwright/response_count/resource_type/ping': 130,
 'playwright/response_count/resource_type/script': 840,
 'playwright/response_count/resource_type/stylesheet': 104,
 'playwright/response_count/resource_type/xhr': 131,
 'response_received_count': 14,
 'responses_per_minute': 2.608695652173913,
 'robotstxt/request_count': 1,
 'robotstxt/response_count': 1,
 'robotstxt/response_status_count/200': 1,
 'scheduler/dequeued': 15,
 'scheduler/dequeued/memory': 15,
 'scheduler/enqueued': 15,
 'scheduler/enqueued/memory': 15,
 'start_time': datetime.datetime(2025, 9, 12, 11, 34, 59, 108784, tzinfo=datetime.timezone.utc)}
2025-09-12 16:40:22 [scrapy.core.engine] INFO: Spider closed (finished)
2025-09-12 16:40:22 [scrapy-playwright] INFO: Closing download handler
2025-09-12 16:40:22 [scrapy-playwright] INFO: Closing download handler
2025-09-12 16:40:22 [scrapy-playwright] INFO: Closing browser
